TN:
SF:/Users/work/Documents/sensibleui/dist/sensible.js
FN:4,(anonymous_1)
FN:25,(anonymous_2)
FN:47,(anonymous_3)
FN:65,(anonymous_4)
FN:72,(anonymous_5)
FN:78,(anonymous_6)
FN:108,(anonymous_7)
FN:116,(anonymous_8)
FN:140,(anonymous_9)
FN:146,(anonymous_10)
FN:151,(anonymous_11)
FN:163,(anonymous_12)
FN:170,(anonymous_13)
FN:218,(anonymous_14)
FN:243,(anonymous_15)
FN:267,(anonymous_16)
FN:280,(anonymous_17)
FN:300,(anonymous_18)
FN:308,getSearchBox
FN:314,(anonymous_20)
FN:326,(anonymous_21)
FN:332,(anonymous_22)
FN:369,hideParentWhenAllChildrenAreHidden
FN:375,(anonymous_24)
FN:394,(anonymous_25)
FN:424,(anonymous_26)
FNF:26
FNH:22
FNDA:2,(anonymous_1)
FNDA:4,(anonymous_2)
FNDA:5,(anonymous_3)
FNDA:5,(anonymous_4)
FNDA:4,(anonymous_5)
FNDA:5,(anonymous_6)
FNDA:2,(anonymous_7)
FNDA:2,(anonymous_8)
FNDA:1,(anonymous_9)
FNDA:0,(anonymous_10)
FNDA:0,(anonymous_11)
FNDA:1,(anonymous_12)
FNDA:0,(anonymous_13)
FNDA:2,(anonymous_14)
FNDA:1,(anonymous_15)
FNDA:1,(anonymous_16)
FNDA:1,(anonymous_17)
FNDA:1,(anonymous_18)
FNDA:7,getSearchBox
FNDA:6,(anonymous_20)
FNDA:2,(anonymous_21)
FNDA:24,(anonymous_22)
FNDA:2,hideParentWhenAllChildrenAreHidden
FNDA:8,(anonymous_24)
FNDA:10,(anonymous_25)
FNDA:0,(anonymous_26)
DA:1,1
DA:2,1
DA:4,1
DA:5,2
DA:7,2
DA:12,2
DA:15,2
DA:17,2
DA:22,1
DA:23,1
DA:25,1
DA:26,4
DA:28,4
DA:36,4
DA:38,4
DA:40,4
DA:41,4
DA:42,4
DA:43,4
DA:44,4
DA:47,4
DA:49,5
DA:52,5
DA:54,5
DA:56,5
DA:57,3
DA:60,2
DA:65,4
DA:66,5
DA:67,5
DA:69,5
DA:72,4
DA:73,4
DA:74,4
DA:75,4
DA:78,4
DA:79,5
DA:80,5
DA:81,5
DA:84,4
DA:88,4
DA:90,4
DA:92,4
DA:93,4
DA:97,4
DA:99,4
DA:102,4
DA:105,1
DA:106,1
DA:108,1
DA:109,2
DA:111,2
DA:113,2
DA:114,2
DA:116,2
DA:117,2
DA:119,2
DA:122,2
DA:123,2
DA:125,2
DA:129,2
DA:131,2
DA:134,2
DA:137,1
DA:138,1
DA:140,1
DA:141,1
DA:143,1
DA:145,1
DA:146,1
DA:147,0
DA:150,0
DA:151,0
DA:152,0
DA:157,1
DA:159,1
DA:161,1
DA:163,1
DA:164,1
DA:165,1
DA:168,1
DA:170,1
DA:172,0
DA:174,0
DA:176,0
DA:177,0
DA:180,0
DA:181,0
DA:182,0
DA:184,0
DA:186,0
DA:187,0
DA:189,0
DA:191,0
DA:193,0
DA:195,0
DA:197,0
DA:198,0
DA:199,0
DA:203,0
DA:204,0
DA:205,0
DA:211,1
DA:213,1
DA:215,1
DA:216,1
DA:218,1
DA:219,2
DA:221,2
DA:227,2
DA:228,2
DA:230,2
DA:233,2
DA:234,2
DA:237,2
DA:240,1
DA:241,1
DA:243,1
DA:244,1
DA:246,1
DA:248,1
DA:249,1
DA:250,1
DA:253,1
DA:254,1
DA:255,1
DA:256,0
DA:260,1
DA:262,1
DA:264,1
DA:267,1
DA:268,1
DA:270,1
DA:271,0
DA:272,0
DA:275,1
DA:276,1
DA:280,1
DA:281,1
DA:283,1
DA:285,1
DA:289,1
DA:291,1
DA:294,1
DA:297,1
DA:298,1
DA:300,1
DA:301,1
DA:303,1
DA:308,1
DA:310,7
DA:314,6
DA:316,1
DA:318,1
DA:322,1
DA:324,1
DA:326,1
DA:328,2
DA:329,2
DA:331,2
DA:333,24
DA:337,2
DA:338,2
DA:339,2
DA:342,2
DA:345,2
DA:347,2
DA:348,2
DA:350,2
DA:369,1
DA:371,2
DA:372,2
DA:374,2
DA:375,2
DA:377,8
DA:378,1
DA:379,1
DA:381,1
DA:386,2
DA:389,2
DA:390,2
DA:391,2
DA:392,2
DA:393,2
DA:394,2
DA:396,10
DA:397,10
DA:398,3
DA:399,3
DA:401,3
DA:405,7
DA:406,7
DA:413,1
DA:415,1
DA:418,1
DA:421,1
DA:422,1
DA:424,1
DA:426,0
DA:428,0
DA:430,0
LF:201
LH:171
BRDA:1,1,0,0
BRDA:1,1,1,1
BRDA:2,2,0,0
BRDA:2,2,1,1
BRDA:15,3,0,2
BRDA:15,3,1,0
BRDA:22,4,0,1
BRDA:22,4,1,0
BRDA:23,5,0,1
BRDA:23,5,1,0
BRDA:56,6,0,3
BRDA:56,6,1,2
BRDA:97,7,0,4
BRDA:97,7,1,0
BRDA:105,8,0,1
BRDA:105,8,1,0
BRDA:106,9,0,1
BRDA:106,9,1,0
BRDA:129,10,0,2
BRDA:129,10,1,0
BRDA:137,11,0,1
BRDA:137,11,1,0
BRDA:138,12,0,1
BRDA:138,12,1,0
BRDA:157,13,0,0
BRDA:157,13,1,1
BRDA:176,14,0,0
BRDA:176,14,1,0
BRDA:195,15,0,0
BRDA:195,15,1,0
BRDA:195,16,0,0
BRDA:195,16,1,0
BRDA:215,17,0,1
BRDA:215,17,1,0
BRDA:216,18,0,1
BRDA:216,18,1,0
BRDA:233,19,0,2
BRDA:233,19,1,0
BRDA:240,20,0,1
BRDA:240,20,1,0
BRDA:241,21,0,1
BRDA:241,21,1,0
BRDA:255,22,0,0
BRDA:255,22,1,1
BRDA:270,23,0,0
BRDA:270,23,1,1
BRDA:289,24,0,1
BRDA:289,24,1,0
BRDA:297,25,0,1
BRDA:297,25,1,0
BRDA:298,26,0,1
BRDA:298,26,1,0
BRDA:333,27,0,24
BRDA:333,27,1,0
BRDA:333,27,2,0
BRDA:333,28,0,24
BRDA:333,28,1,0
BRDA:377,29,0,1
BRDA:377,29,1,7
BRDA:397,30,0,3
BRDA:397,30,1,7
BRDA:413,31,0,1
BRDA:413,31,1,0
BRDA:421,32,0,1
BRDA:421,32,1,0
BRDA:422,33,0,1
BRDA:422,33,1,0
BRF:67
BRH:33
end_of_record
